{"ts": "2026-05-23T07:24:25.861458+00:00", "op": "CREATE", "entity": "project", "id": "PRJ-20260523-002", "field": null, "old": null, "new": null, "actor": "manual-test", "checksum_after": "89e5527cccb3c32e98a11437a641b9675e623429b4d30a2a4a825670e4882016"}
{"ts": "2026-05-23T07:24:34.448620+00:00", "op": "UPDATE", "entity": "project", "id": "PRJ-20260523-002", "field": "description", "old": "", "new": "Updated desc", "actor": "manual-test", "checksum_after": "4cea825d5ab071925ae1e79ca201f87e8ce652da5d47a8c8bc17384fa22cd7e3"}
{"ts": "2026-05-23T07:24:34.448806+00:00", "op": "UPDATE", "entity": "project", "id": "PRJ-20260523-002", "field": "git_repo", "old": "", "new": "https://github.com/test", "actor": "manual-test", "checksum_after": "4cea825d5ab071925ae1e79ca201f87e8ce652da5d47a8c8bc17384fa22cd7e3"}
{"ts": "2026-05-23T10:02:13.879292+00:00", "op": "UPDATE", "entity": "project", "id": "PRJ-20260523-001", "field": "name", "old": "ai-superpower", "new": "ai-superpower", "actor": "52ab03df", "checksum_after": "c147547027bed08a582d21aa31c61986f6741a03b83506701ecf43f48dbf8670"}
{"ts": "2026-05-23T10:02:13.884024+00:00", "op": "UPDATE", "entity": "project", "id": "PRJ-20260523-001", "field": "git_repo", "old": "", "new": "https://github.com/YeLuo45/ai-superpower", "actor": "52ab03df", "checksum_after": "c147547027bed08a582d21aa31c61986f6741a03b83506701ecf43f48dbf8670"}
{"ts": "2026-05-23T10:02:13.884192+00:00", "op": "UPDATE", "entity": "project", "id": "PRJ-20260523-001", "field": "local_path", "old": "", "new": "/home/hermes/ai-superpower", "actor": "52ab03df", "checksum_after": "c147547027bed08a582d21aa31c61986f6741a03b83506701ecf43f48dbf8670"}
{"ts": "2026-05-23T10:02:13.884302+00:00", "op": "UPDATE", "entity": "project", "id": "PRJ-20260523-001", "field": "description", "old": "", "new": "全链路软件交付系统", "actor": "52ab03df", "checksum_after": "c147547027bed08a582d21aa31c61986f6741a03b83506701ecf43f48dbf8670"}
{"ts": "2026-05-23T10:02:13.884380+00:00", "op": "UPDATE", "entity": "project", "id": "PRJ-20260523-001", "field": "prj_url", "old": "", "new": "https://yeluo45.github.io/ai-superpower/", "actor": "52ab03df", "checksum_after": "c147547027bed08a582d21aa31c61986f6741a03b83506701ecf43f48dbf8670"}
{"ts": "2026-05-23T10:27:54.670152+00:00", "op": "CREATE", "entity": "project", "id": "PRJ-20260523-003", "field": null, "old": null, "new": null, "actor": "52ab03df", "checksum_after": "c62a4ebb8b6634ba78d54b24269aa4683dbd6f626a183501c4b029ea7debaf28"}
{"ts": "2026-05-23T10:35:15.099738+00:00", "op": "DELETE", "entity": "project", "id": "PRJ-20260523-002", "field": "id", "old": "PRJ-20260523-002", "new": null, "actor": "52ab03df", "checksum_after": "34647355939aac48796a12cebce04cb015094d15bf64049d147606e69112db56"}
{"ts": "2026-05-23T10:35:15.101852+00:00", "op": "DELETE", "entity": "project", "id": "PRJ-20260523-002", "field": "name", "old": "Test Project XYZ", "new": null, "actor": "52ab03df", "checksum_after": "34647355939aac48796a12cebce04cb015094d15bf64049d147606e69112db56"}
{"ts": "2026-05-23T10:35:15.102006+00:00", "op": "DELETE", "entity": "project", "id": "PRJ-20260523-002", "field": "proposal_count", "old": "0", "new": null, "actor": "52ab03df", "checksum_after": "34647355939aac48796a12cebce04cb015094d15bf64049d147606e69112db56"}
{"ts": "2026-05-23T10:35:15.102090+00:00", "op": "DELETE", "entity": "project", "id": "PRJ-20260523-002", "field": "git_repo", "old": "https://github.com/test", "new": null, "actor": "52ab03df", "checksum_after": "34647355939aac48796a12cebce04cb015094d15bf64049d147606e69112db56"}
{"ts": "2026-05-23T10:35:15.102154+00:00", "op": "DELETE", "entity": "project", "id": "PRJ-20260523-002", "field": "local_path", "old": "", "new": null, "actor": "52ab03df", "checksum_after": "34647355939aac48796a12cebce04cb015094d15bf64049d147606e69112db56"}
{"ts": "2026-05-23T10:35:15.102213+00:00", "op": "DELETE", "entity": "project", "id": "PRJ-20260523-002", "field": "description", "old": "Updated desc", "new": null, "actor": "52ab03df", "checksum_after": "34647355939aac48796a12cebce04cb015094d15bf64049d147606e69112db56"}
{"ts": "2026-05-23T10:35:15.102291+00:00", "op": "DELETE", "entity": "project", "id": "PRJ-20260523-002", "field": "last_update", "old": "2026-05-23", "new": null, "actor": "52ab03df", "checksum_after": "34647355939aac48796a12cebce04cb015094d15bf64049d147606e69112db56"}
{"ts": "2026-05-23T10:35:15.102348+00:00", "op": "DELETE", "entity": "project", "id": "PRJ-20260523-002", "field": "create_at", "old": "", "new": null, "actor": "52ab03df", "checksum_after": "34647355939aac48796a12cebce04cb015094d15bf64049d147606e69112db56"}
{"ts": "2026-05-23T10:35:15.102395+00:00", "op": "DELETE", "entity": "project", "id": "PRJ-20260523-002", "field": "prj_url", "old": "", "new": null, "actor": "52ab03df", "checksum_after": "34647355939aac48796a12cebce04cb015094d15bf64049d147606e69112db56"}
{"ts": "2026-05-23T10:35:25.679564+00:00", "op": "UPDATE", "entity": "project", "id": "PRJ-20260523-003", "field": "name", "old": "test-project1", "new": "test-project-updated", "actor": "52ab03df", "checksum_after": "2d295f11be1f3cd02c83e8038c9fb178a2055a9072a88ecc1494110304724bd8"}
{"ts": "2026-05-23T10:35:25.679684+00:00", "op": "UPDATE", "entity": "project", "id": "PRJ-20260523-003", "field": "prj_url", "old": "https://test-project1.pages.dev", "new": "https://new-url.pages.dev", "actor": "52ab03df", "checksum_after": "2d295f11be1f3cd02c83e8038c9fb178a2055a9072a88ecc1494110304724bd8"}
{"ts": "2026-05-23T10:42:15.056302+00:00", "op": "DELETE", "entity": "project", "id": "PRJ-20260523-003", "field": "id", "old": "PRJ-20260523-003", "new": null, "actor": "52ab03df", "checksum_after": "2528e9d070f92806890060f2852ecae1420f3529199b1bb071a3ee78c36331ad"}
{"ts": "2026-05-23T10:42:15.056530+00:00", "op": "DELETE", "entity": "project", "id": "PRJ-20260523-003", "field": "name", "old": "test-project-updated", "new": null, "actor": "52ab03df", "checksum_after": "2528e9d070f92806890060f2852ecae1420f3529199b1bb071a3ee78c36331ad"}
{"ts": "2026-05-23T10:42:15.056619+00:00", "op": "DELETE", "entity": "project", "id": "PRJ-20260523-003", "field": "proposal_count", "old": "0", "new": null, "actor": "52ab03df", "checksum_after": "2528e9d070f92806890060f2852ecae1420f3529199b1bb071a3ee78c36331ad"}
{"ts": "2026-05-23T10:42:15.056685+00:00", "op": "DELETE", "entity": "project", "id": "PRJ-20260523-003", "field": "git_repo", "old": "https://github.com/test/project1", "new": null, "actor": "52ab03df", "checksum_after": "2528e9d070f92806890060f2852ecae1420f3529199b1bb071a3ee78c36331ad"}
{"ts": "2026-05-23T10:42:15.056745+00:00", "op": "DELETE", "entity": "project", "id": "PRJ-20260523-003", "field": "local_path", "old": "/home/test/project1", "new": null, "actor": "52ab03df", "checksum_after": "2528e9d070f92806890060f2852ecae1420f3529199b1bb071a3ee78c36331ad"}
{"ts": "2026-05-23T10:42:15.056805+00:00", "op": "DELETE", "entity": "project", "id": "PRJ-20260523-003", "field": "description", "old": "Test project for curl validation", "new": null, "actor": "52ab03df", "checksum_after": "2528e9d070f92806890060f2852ecae1420f3529199b1bb071a3ee78c36331ad"}
{"ts": "2026-05-23T10:42:15.056862+00:00", "op": "DELETE", "entity": "project", "id": "PRJ-20260523-003", "field": "last_update", "old": "2026-05-23", "new": null, "actor": "52ab03df", "checksum_after": "2528e9d070f92806890060f2852ecae1420f3529199b1bb071a3ee78c36331ad"}
{"ts": "2026-05-23T10:42:15.056977+00:00", "op": "DELETE", "entity": "project", "id": "PRJ-20260523-003", "field": "create_at", "old": "2026-05-23", "new": null, "actor": "52ab03df", "checksum_after": "2528e9d070f92806890060f2852ecae1420f3529199b1bb071a3ee78c36331ad"}
{"ts": "2026-05-23T10:42:15.057057+00:00", "op": "DELETE", "entity": "project", "id": "PRJ-20260523-003", "field": "prj_url", "old": "https://new-url.pages.dev", "new": null, "actor": "52ab03df", "checksum_after": "2528e9d070f92806890060f2852ecae1420f3529199b1bb071a3ee78c36331ad"}
{"ts": "2026-05-23T10:42:47.750267+00:00", "op": "CREATE", "entity": "project", "id": "PRJ-20260523-002", "field": null, "old": null, "new": null, "actor": "52ab03df", "checksum_after": "5529ece14759e57919bbaac0279b5120e8bdf8f3c633eb1ae6c43db84698e926"}
{"ts": "2026-05-23T11:29:03.129744+00:00", "op": "UPDATE", "entity": "project", "id": "PRJ-20260523-002", "field": "name", "old": "test-project", "new": "test-project-updated", "actor": "52ab03df", "checksum_after": "4129321c7326a6d01bc9eac9d22704c8d427e60ff03eeabff5b5f4a3cdc7b44b"}
{"ts": "2026-05-23T11:29:03.130403+00:00", "op": "UPDATE", "entity": "project", "id": "PRJ-20260523-002", "field": "prj_url", "old": "https://test-project.pages.dev", "new": "https://new-url.pages.dev", "actor": "52ab03df", "checksum_after": "4129321c7326a6d01bc9eac9d22704c8d427e60ff03eeabff5b5f4a3cdc7b44b"}
{"ts": "2026-05-23T11:30:48.321298+00:00", "op": "DELETE", "entity": "proposal", "id": "P-20260523-002", "field": "id", "old": "P-20260523-002", "new": null, "actor": "52ab03df", "checksum_after": "c825a8564757897148295bcd0b886bbf6db4ca66e672da1f2ef27972db47f82a"}
{"ts": "2026-05-23T11:30:48.321503+00:00", "op": "DELETE", "entity": "proposal", "id": "P-20260523-002", "field": "title", "old": "Test Proposal", "new": null, "actor": "52ab03df", "checksum_after": "c825a8564757897148295bcd0b886bbf6db4ca66e672da1f2ef27972db47f82a"}
{"ts": "2026-05-23T11:30:48.321592+00:00", "op": "DELETE", "entity": "proposal", "id": "P-20260523-002", "field": "owner", "old": "小墨", "new": null, "actor": "52ab03df", "checksum_after": "c825a8564757897148295bcd0b886bbf6db4ca66e672da1f2ef27972db47f82a"}
{"ts": "2026-05-23T11:30:48.321660+00:00", "op": "DELETE", "entity": "proposal", "id": "P-20260523-002", "field": "status", "old": "", "new": null, "actor": "52ab03df", "checksum_after": "c825a8564757897148295bcd0b886bbf6db4ca66e672da1f2ef27972db47f82a"}
{"ts": "2026-05-23T11:30:48.321722+00:00", "op": "DELETE", "entity": "proposal", "id": "P-20260523-002", "field": "project_id", "old": "PRJ-20260523-001", "new": null, "actor": "52ab03df", "checksum_after": "c825a8564757897148295bcd0b886bbf6db4ca66e672da1f2ef27972db47f82a"}
{"ts": "2026-05-23T11:30:48.321780+00:00", "op": "DELETE", "entity": "proposal", "id": "P-20260523-002", "field": "project_name", "old": "test-api", "new": null, "actor": "52ab03df", "checksum_after": "c825a8564757897148295bcd0b886bbf6db4ca66e672da1f2ef27972db47f82a"}
{"ts": "2026-05-23T11:30:48.321834+00:00", "op": "DELETE", "entity": "proposal", "id": "P-20260523-002", "field": "stage", "old": "ideation", "new": null, "actor": "52ab03df", "checksum_after": "c825a8564757897148295bcd0b886bbf6db4ca66e672da1f2ef27972db47f82a"}
{"ts": "2026-05-23T11:30:48.321888+00:00", "op": "DELETE", "entity": "proposal", "id": "P-20260523-002", "field": "prd_path", "old": "", "new": null, "actor": "52ab03df", "checksum_after": "c825a8564757897148295bcd0b886bbf6db4ca66e672da1f2ef27972db47f82a"}
{"ts": "2026-05-23T11:30:48.321939+00:00", "op": "DELETE", "entity": "proposal", "id": "P-20260523-002", "field": "tech_solution_path", "old": "", "new": null, "actor": "52ab03df", "checksum_after": "c825a8564757897148295bcd0b886bbf6db4ca66e672da1f2ef27972db47f82a"}
{"ts": "2026-05-23T11:30:48.321991+00:00", "op": "DELETE", "entity": "proposal", "id": "P-20260523-002", "field": "project_path", "old": "", "new": null, "actor": "52ab03df", "checksum_after": "c825a8564757897148295bcd0b886bbf6db4ca66e672da1f2ef27972db47f82a"}
{"ts": "2026-05-23T11:30:48.322041+00:00", "op": "DELETE", "entity": "proposal", "id": "P-20260523-002", "field": "git_repo", "old": "", "new": null, "actor": "52ab03df", "checksum_after": "c825a8564757897148295bcd0b886bbf6db4ca66e672da1f2ef27972db47f82a"}
{"ts": "2026-05-23T11:30:48.322093+00:00", "op": "DELETE", "entity": "proposal", "id": "P-20260523-002", "field": "deployment_url", "old": "", "new": null, "actor": "52ab03df", "checksum_after": "c825a8564757897148295bcd0b886bbf6db4ca66e672da1f2ef27972db47f82a"}
{"ts": "2026-05-23T11:30:48.322147+00:00", "op": "DELETE", "entity": "proposal", "id": "P-20260523-002", "field": "prd_confirmation", "old": "", "new": null, "actor": "52ab03df", "checksum_after": "c825a8564757897148295bcd0b886bbf6db4ca66e672da1f2ef27972db47f82a"}
{"ts": "2026-05-23T11:30:48.322197+00:00", "op": "DELETE", "entity": "proposal", "id": "P-20260523-002", "field": "tech_expectations", "old": "", "new": null, "actor": "52ab03df", "checksum_after": "c825a8564757897148295bcd0b886bbf6db4ca66e672da1f2ef27972db47f82a"}
{"ts": "2026-05-23T11:30:48.322266+00:00", "op": "DELETE", "entity": "proposal", "id": "P-20260523-002", "field": "acceptance", "old": "", "new": null, "actor": "52ab03df", "checksum_after": "c825a8564757897148295bcd0b886bbf6db4ca66e672da1f2ef27972db47f82a"}
{"ts": "2026-05-23T11:30:48.322321+00:00", "op": "DELETE", "entity": "proposal", "id": "P-20260523-002", "field": "last_update", "old": "2026-05-23", "new": null, "actor": "52ab03df", "checksum_after": "c825a8564757897148295bcd0b886bbf6db4ca66e672da1f2ef27972db47f82a"}
{"ts": "2026-05-23T11:30:48.322367+00:00", "op": "DELETE", "entity": "proposal", "id": "P-20260523-002", "field": "engine", "old": "", "new": null, "actor": "52ab03df", "checksum_after": "c825a8564757897148295bcd0b886bbf6db4ca66e672da1f2ef27972db47f82a"}
{"ts": "2026-05-23T11:30:48.322411+00:00", "op": "DELETE", "entity": "proposal", "id": "P-20260523-002", "field": "target", "old": "", "new": null, "actor": "52ab03df", "checksum_after": "c825a8564757897148295bcd0b886bbf6db4ca66e672da1f2ef27972db47f82a"}
{"ts": "2026-05-23T11:30:48.322454+00:00", "op": "DELETE", "entity": "proposal", "id": "P-20260523-002", "field": "game_type", "old": "", "new": null, "actor": "52ab03df", "checksum_after": "c825a8564757897148295bcd0b886bbf6db4ca66e672da1f2ef27972db47f82a"}
{"ts": "2026-05-23T11:30:48.322498+00:00", "op": "DELETE", "entity": "proposal", "id": "P-20260523-002", "field": "notes", "old": "", "new": null, "actor": "52ab03df", "checksum_after": "c825a8564757897148295bcd0b886bbf6db4ca66e672da1f2ef27972db47f82a"}
{"ts": "2026-05-23T11:30:48.326365+00:00", "op": "UPDATE", "entity": "project", "id": "PRJ-20260523-001", "field": "proposal_count", "old": "3", "new": 2, "actor": "52ab03df", "checksum_after": "332f8461167ca501a9f26847f998af992230dc85751659ddb7ea5a2888def9e1"}
{"ts": "2026-05-23T11:30:50.433374+00:00", "op": "DELETE", "entity": "proposal", "id": "P-20260523-003", "field": "id", "old": "P-20260523-003", "new": null, "actor": "52ab03df", "checksum_after": "14d0f6043ffae78a6b5fa334d39b35f11bf1efa6851e4fbaabfd3bc2f14dfdfb"}
{"ts": "2026-05-23T11:30:50.433509+00:00", "op": "DELETE", "entity": "proposal", "id": "P-20260523-003", "field": "title", "old": "Test Proposal", "new": null, "actor": "52ab03df", "checksum_after": "14d0f6043ffae78a6b5fa334d39b35f11bf1efa6851e4fbaabfd3bc2f14dfdfb"}
{"ts": "2026-05-23T11:30:50.433580+00:00", "op": "DELETE", "entity": "proposal", "id": "P-20260523-003", "field": "owner", "old": "小墨", "new": null, "actor": "52ab03df", "checksum_after": "14d0f6043ffae78a6b5fa334d39b35f11bf1efa6851e4fbaabfd3bc2f14dfdfb"}
{"ts": "2026-05-23T11:30:50.433642+00:00", "op": "DELETE", "entity": "proposal", "id": "P-20260523-003", "field": "status", "old": "", "new": null, "actor": "52ab03df", "checksum_after": "14d0f6043ffae78a6b5fa334d39b35f11bf1efa6851e4fbaabfd3bc2f14dfdfb"}
{"ts": "2026-05-23T11:30:50.433712+00:00", "op": "DELETE", "entity": "proposal", "id": "P-20260523-003", "field": "project_id", "old": "PRJ-20260523-001", "new": null, "actor": "52ab03df", "checksum_after": "14d0f6043ffae78a6b5fa334d39b35f11bf1efa6851e4fbaabfd3bc2f14dfdfb"}
{"ts": "2026-05-23T11:30:50.433860+00:00", "op": "DELETE", "entity": "proposal", "id": "P-20260523-003", "field": "project_name", "old": "ai-superpower-test", "new": null, "actor": "52ab03df", "checksum_after": "14d0f6043ffae78a6b5fa334d39b35f11bf1efa6851e4fbaabfd3bc2f14dfdfb"}
{"ts": "2026-05-23T11:30:50.433958+00:00", "op": "DELETE", "entity": "proposal", "id": "P-20260523-003", "field": "stage", "old": "ideation", "new": null, "actor": "52ab03df", "checksum_after": "14d0f6043ffae78a6b5fa334d39b35f11bf1efa6851e4fbaabfd3bc2f14dfdfb"}
{"ts": "2026-05-23T11:30:50.434045+00:00", "op": "DELETE", "entity": "proposal", "id": "P-20260523-003", "field": "prd_path", "old": "", "new": null, "actor": "52ab03df", "checksum_after": "14d0f6043ffae78a6b5fa334d39b35f11bf1efa6851e4fbaabfd3bc2f14dfdfb"}
{"ts": "2026-05-23T11:30:50.434158+00:00", "op": "DELETE", "entity": "proposal", "id": "P-20260523-003", "field": "tech_solution_path", "old": "", "new": null, "actor": "52ab03df", "checksum_after": "14d0f6043ffae78a6b5fa334d39b35f11bf1efa6851e4fbaabfd3bc2f14dfdfb"}
{"ts": "2026-05-23T11:30:50.434310+00:00", "op": "DELETE", "entity": "proposal", "id": "P-20260523-003", "field": "project_path", "old": "", "new": null, "actor": "52ab03df", "checksum_after": "14d0f6043ffae78a6b5fa334d39b35f11bf1efa6851e4fbaabfd3bc2f14dfdfb"}
{"ts": "2026-05-23T11:30:50.434383+00:00", "op": "DELETE", "entity": "proposal", "id": "P-20260523-003", "field": "git_repo", "old": "", "new": null, "actor": "52ab03df", "checksum_after": "14d0f6043ffae78a6b5fa334d39b35f11bf1efa6851e4fbaabfd3bc2f14dfdfb"}
{"ts": "2026-05-23T11:30:50.434433+00:00", "op": "DELETE", "entity": "proposal", "id": "P-20260523-003", "field": "deployment_url", "old": "", "new": null, "actor": "52ab03df", "checksum_after": "14d0f6043ffae78a6b5fa334d39b35f11bf1efa6851e4fbaabfd3bc2f14dfdfb"}
{"ts": "2026-05-23T11:30:50.434540+00:00", "op": "DELETE", "entity": "proposal", "id": "P-20260523-003", "field": "prd_confirmation", "old": "", "new": null, "actor": "52ab03df", "checksum_after": "14d0f6043ffae78a6b5fa334d39b35f11bf1efa6851e4fbaabfd3bc2f14dfdfb"}
{"ts": "2026-05-23T11:30:50.434661+00:00", "op": "DELETE", "entity": "proposal", "id": "P-20260523-003", "field": "tech_expectations", "old": "", "new": null, "actor": "52ab03df", "checksum_after": "14d0f6043ffae78a6b5fa334d39b35f11bf1efa6851e4fbaabfd3bc2f14dfdfb"}
{"ts": "2026-05-23T11:30:50.434748+00:00", "op": "DELETE", "entity": "proposal", "id": "P-20260523-003", "field": "acceptance", "old": "", "new": null, "actor": "52ab03df", "checksum_after": "14d0f6043ffae78a6b5fa334d39b35f11bf1efa6851e4fbaabfd3bc2f14dfdfb"}
{"ts": "2026-05-23T11:30:50.434896+00:00", "op": "DELETE", "entity": "proposal", "id": "P-20260523-003", "field": "last_update", "old": "2026-05-23", "new": null, "actor": "52ab03df", "checksum_after": "14d0f6043ffae78a6b5fa334d39b35f11bf1efa6851e4fbaabfd3bc2f14dfdfb"}
{"ts": "2026-05-23T11:30:50.434985+00:00", "op": "DELETE", "entity": "proposal", "id": "P-20260523-003", "field": "engine", "old": "", "new": null, "actor": "52ab03df", "checksum_after": "14d0f6043ffae78a6b5fa334d39b35f11bf1efa6851e4fbaabfd3bc2f14dfdfb"}
{"ts": "2026-05-23T11:30:50.435040+00:00", "op": "DELETE", "entity": "proposal", "id": "P-20260523-003", "field": "target", "old": "", "new": null, "actor": "52ab03df", "checksum_after": "14d0f6043ffae78a6b5fa334d39b35f11bf1efa6851e4fbaabfd3bc2f14dfdfb"}
{"ts": "2026-05-23T11:30:50.435089+00:00", "op": "DELETE", "entity": "proposal", "id": "P-20260523-003", "field": "game_type", "old": "", "new": null, "actor": "52ab03df", "checksum_after": "14d0f6043ffae78a6b5fa334d39b35f11bf1efa6851e4fbaabfd3bc2f14dfdfb"}
{"ts": "2026-05-23T11:30:50.435136+00:00", "op": "DELETE", "entity": "proposal", "id": "P-20260523-003", "field": "notes", "old": "", "new": null, "actor": "52ab03df", "checksum_after": "14d0f6043ffae78a6b5fa334d39b35f11bf1efa6851e4fbaabfd3bc2f14dfdfb"}
{"ts": "2026-05-23T11:30:50.439151+00:00", "op": "UPDATE", "entity": "project", "id": "PRJ-20260523-001", "field": "proposal_count", "old": "2", "new": 1, "actor": "52ab03df", "checksum_after": "9c6df6c479915de76951a0ef292b3d52c29173702325153242493d8e1bb110c2"}
{"ts": "2026-05-23T11:34:08.559854+00:00", "op": "DELETE", "entity": "proposal", "id": "P-20260523-004", "field": "id", "old": "P-20260523-004", "new": null, "actor": "52ab03df", "checksum_after": "e1ae214f575dd8520f55b9032cf5112059a8f3aea09f682e2f05daf9ed524a91"}
{"ts": "2026-05-23T11:34:08.560039+00:00", "op": "DELETE", "entity": "proposal", "id": "P-20260523-004", "field": "title", "old": "Test Proposal", "new": null, "actor": "52ab03df", "checksum_after": "e1ae214f575dd8520f55b9032cf5112059a8f3aea09f682e2f05daf9ed524a91"}
{"ts": "2026-05-23T11:34:08.560124+00:00", "op": "DELETE", "entity": "proposal", "id": "P-20260523-004", "field": "owner", "old": "小墨", "new": null, "actor": "52ab03df", "checksum_after": "e1ae214f575dd8520f55b9032cf5112059a8f3aea09f682e2f05daf9ed524a91"}
{"ts": "2026-05-23T11:34:08.560212+00:00", "op": "DELETE", "entity": "proposal", "id": "P-20260523-004", "field": "status", "old": "", "new": null, "actor": "52ab03df", "checksum_after": "e1ae214f575dd8520f55b9032cf5112059a8f3aea09f682e2f05daf9ed524a91"}
{"ts": "2026-05-23T11:34:08.560275+00:00", "op": "DELETE", "entity": "proposal", "id": "P-20260523-004", "field": "project_id", "old": "PRJ-20260523-001", "new": null, "actor": "52ab03df", "checksum_after": "e1ae214f575dd8520f55b9032cf5112059a8f3aea09f682e2f05daf9ed524a91"}
{"ts": "2026-05-23T11:34:08.560331+00:00", "op": "DELETE", "entity": "proposal", "id": "P-20260523-004", "field": "project_name", "old": "ai-superpower-test", "new": null, "actor": "52ab03df", "checksum_after": "e1ae214f575dd8520f55b9032cf5112059a8f3aea09f682e2f05daf9ed524a91"}
{"ts": "2026-05-23T11:34:08.560381+00:00", "op": "DELETE", "entity": "proposal", "id": "P-20260523-004", "field": "stage", "old": "ideation", "new": null, "actor": "52ab03df", "checksum_after": "e1ae214f575dd8520f55b9032cf5112059a8f3aea09f682e2f05daf9ed524a91"}
{"ts": "2026-05-23T11:34:08.560429+00:00", "op": "DELETE", "entity": "proposal", "id": "P-20260523-004", "field": "prd_path", "old": "", "new": null, "actor": "52ab03df", "checksum_after": "e1ae214f575dd8520f55b9032cf5112059a8f3aea09f682e2f05daf9ed524a91"}
{"ts": "2026-05-23T11:34:08.560476+00:00", "op": "DELETE", "entity": "proposal", "id": "P-20260523-004", "field": "tech_solution_path", "old": "", "new": null, "actor": "52ab03df", "checksum_after": "e1ae214f575dd8520f55b9032cf5112059a8f3aea09f682e2f05daf9ed524a91"}
{"ts": "2026-05-23T11:34:08.560523+00:00", "op": "DELETE", "entity": "proposal", "id": "P-20260523-004", "field": "project_path", "old": "", "new": null, "actor": "52ab03df", "checksum_after": "e1ae214f575dd8520f55b9032cf5112059a8f3aea09f682e2f05daf9ed524a91"}
{"ts": "2026-05-23T11:34:08.560572+00:00", "op": "DELETE", "entity": "proposal", "id": "P-20260523-004", "field": "git_repo", "old": "", "new": null, "actor": "52ab03df", "checksum_after": "e1ae214f575dd8520f55b9032cf5112059a8f3aea09f682e2f05daf9ed524a91"}
{"ts": "2026-05-23T11:34:08.560620+00:00", "op": "DELETE", "entity": "proposal", "id": "P-20260523-004", "field": "deployment_url", "old": "", "new": null, "actor": "52ab03df", "checksum_after": "e1ae214f575dd8520f55b9032cf5112059a8f3aea09f682e2f05daf9ed524a91"}
{"ts": "2026-05-23T11:34:08.560667+00:00", "op": "DELETE", "entity": "proposal", "id": "P-20260523-004", "field": "prd_confirmation", "old": "", "new": null, "actor": "52ab03df", "checksum_after": "e1ae214f575dd8520f55b9032cf5112059a8f3aea09f682e2f05daf9ed524a91"}
{"ts": "2026-05-23T11:34:08.560712+00:00", "op": "DELETE", "entity": "proposal", "id": "P-20260523-004", "field": "tech_expectations", "old": "", "new": null, "actor": "52ab03df", "checksum_after": "e1ae214f575dd8520f55b9032cf5112059a8f3aea09f682e2f05daf9ed524a91"}
{"ts": "2026-05-23T11:34:08.560757+00:00", "op": "DELETE", "entity": "proposal", "id": "P-20260523-004", "field": "acceptance", "old": "", "new": null, "actor": "52ab03df", "checksum_after": "e1ae214f575dd8520f55b9032cf5112059a8f3aea09f682e2f05daf9ed524a91"}
{"ts": "2026-05-23T11:34:08.560803+00:00", "op": "DELETE", "entity": "proposal", "id": "P-20260523-004", "field": "last_update", "old": "2026-05-23", "new": null, "actor": "52ab03df", "checksum_after": "e1ae214f575dd8520f55b9032cf5112059a8f3aea09f682e2f05daf9ed524a91"}
{"ts": "2026-05-23T11:34:08.560847+00:00", "op": "DELETE", "entity": "proposal", "id": "P-20260523-004", "field": "engine", "old": "", "new": null, "actor": "52ab03df", "checksum_after": "e1ae214f575dd8520f55b9032cf5112059a8f3aea09f682e2f05daf9ed524a91"}
{"ts": "2026-05-23T11:34:08.560893+00:00", "op": "DELETE", "entity": "proposal", "id": "P-20260523-004", "field": "target", "old": "", "new": null, "actor": "52ab03df", "checksum_after": "e1ae214f575dd8520f55b9032cf5112059a8f3aea09f682e2f05daf9ed524a91"}
{"ts": "2026-05-23T11:34:08.560978+00:00", "op": "DELETE", "entity": "proposal", "id": "P-20260523-004", "field": "game_type", "old": "", "new": null, "actor": "52ab03df", "checksum_after": "e1ae214f575dd8520f55b9032cf5112059a8f3aea09f682e2f05daf9ed524a91"}
{"ts": "2026-05-23T11:34:08.561032+00:00", "op": "DELETE", "entity": "proposal", "id": "P-20260523-004", "field": "notes", "old": "", "new": null, "actor": "52ab03df", "checksum_after": "e1ae214f575dd8520f55b9032cf5112059a8f3aea09f682e2f05daf9ed524a91"}
{"ts": "2026-05-23T11:34:08.565110+00:00", "op": "UPDATE", "entity": "project", "id": "PRJ-20260523-001", "field": "proposal_count", "old": "1", "new": 0, "actor": "52ab03df", "checksum_after": "2623959dba44d3731c13791606c7669971cc0c1116b38af1ee310a0f57b7ec22"}
